[INFO] Scanning for projects...
[WARNING] The POM for org.sonatype.sisu:sisu-guice:jar:noaop:2.1.7 is invalid, transitive dependencies (if any) will not be available, enable debug logging for more details
[INFO] ------------------------------------------------------------------------
[INFO] Reactor Build Order:
[INFO] 
[INFO] AEM SPA Project Core                                               [pom]
[INFO] spa-project-core - Core                                            [jar]
[INFO] spa-project-core - UI apps                             [content-package]
[INFO] spa-project-core - All                                 [content-package]
[INFO] 
[INFO] -------------------< com.adobe.aem:spa.project.core >-------------------
[INFO] Building AEM SPA Project Core 1.3.17-SNAPSHOT                      [1/4]
[INFO]   from pom.xml
[INFO] --------------------------------[ pom ]---------------------------------
[INFO] 
[INFO] --- clean:3.4.0:clean (default-clean) @ spa.project.core ---
[INFO] 
[INFO] --- enforcer:1.4.1:enforce (enforce-maven) @ spa.project.core ---
[INFO] Skipping Rule Enforcement.
[INFO] 
[INFO] --- source:3.3.1:jar-no-fork (attach-sources) @ spa.project.core ---
[INFO] 
[INFO] ----------------< com.adobe.aem:spa.project.core.core >-----------------
[INFO] Building spa-project-core - Core 1.3.17-SNAPSHOT                   [2/4]
[INFO]   from core/pom.xml
[INFO] --------------------------------[ jar ]---------------------------------
[INFO] ------------------------------------------------------------------------
[INFO] Reactor Summary for AEM SPA Project Core 1.3.17-SNAPSHOT:
[INFO] 
[INFO] AEM SPA Project Core ............................... SUCCESS [  2.540 s]
[INFO] spa-project-core - Core ............................ FAILURE [01:16 min]
[INFO] spa-project-core - UI apps ......................... SKIPPED
[INFO] spa-project-core - All ............................. SKIPPED
[INFO] ------------------------------------------------------------------------
[INFO] BUILD FAILURE
[INFO] ------------------------------------------------------------------------
[INFO] Total time:  01:28 min
[INFO] Finished at: 2024-08-19T14:59:14Z
[INFO] ------------------------------------------------------------------------
[ERROR] Failed to execute goal on project spa.project.core.core: Could not resolve dependencies for project com.adobe.aem:spa.project.core.core:jar:1.3.17-SNAPSHOT: The following artifacts could not be resolved: com.adobe.aem:uber-jar:jar:apis:6.5.21 (absent): Could not find artifact com.adobe.aem:uber-jar:jar:apis:6.5.21 in adobe-public-releases (https://repo.adobe.com/nexus/content/groups/public) -> [Help 1]
[ERROR] 
[ERROR] To see the full stack trace of the errors, re-run Maven with the -e switch.
[ERROR] Re-run Maven using the -X switch to enable full debug logging.
[ERROR] 
[ERROR] For more information about the errors and possible solutions, please read the following articles:
[ERROR] [Help 1] http://cwiki.apache.org/confluence/display/MAVEN/DependencyResolutionException
[ERROR] 
[ERROR] After correcting the problems, you can resume the build with the command
[ERROR]   mvn <args> -rf :spa.project.core.core
